[2024-11-30 23:14:30,928] SGD - Epoch 1: Train Loss = 1.0784, Test Loss = 0.3641, Accuracy = 89.38%
[2024-11-30 23:14:34,079] SGD - Epoch 2: Train Loss = 0.3576, Test Loss = 0.2551, Accuracy = 92.47%
[2024-11-30 23:14:37,097] SGD - Epoch 3: Train Loss = 0.2704, Test Loss = 0.2024, Accuracy = 93.92%
[2024-11-30 23:14:40,137] SGD - Epoch 4: Train Loss = 0.2166, Test Loss = 0.1675, Accuracy = 94.87%
[2024-11-30 23:14:43,204] SGD - Epoch 5: Train Loss = 0.1823, Test Loss = 0.1449, Accuracy = 95.56%
[2024-11-30 23:14:46,357] SGD - Epoch 6: Train Loss = 0.1571, Test Loss = 0.1293, Accuracy = 96.08%
[2024-11-30 23:14:49,551] SGD - Epoch 7: Train Loss = 0.1375, Test Loss = 0.1157, Accuracy = 96.46%
[2024-11-30 23:14:52,627] SGD - Epoch 8: Train Loss = 0.1232, Test Loss = 0.1036, Accuracy = 96.80%
[2024-11-30 23:14:55,820] SGD - Epoch 9: Train Loss = 0.1116, Test Loss = 0.0982, Accuracy = 96.98%
[2024-11-30 23:14:59,073] SGD - Epoch 10: Train Loss = 0.1008, Test Loss = 0.0913, Accuracy = 97.17%
[2024-11-30 23:15:02,131] SGD - Epoch 11: Train Loss = 0.0921, Test Loss = 0.0891, Accuracy = 97.23%
[2024-11-30 23:15:05,214] SGD - Epoch 12: Train Loss = 0.0858, Test Loss = 0.0828, Accuracy = 97.35%
[2024-11-30 23:15:08,383] SGD - Epoch 13: Train Loss = 0.0792, Test Loss = 0.0814, Accuracy = 97.46%
[2024-11-30 23:15:11,446] SGD - Epoch 14: Train Loss = 0.0728, Test Loss = 0.0775, Accuracy = 97.61%
[2024-11-30 23:15:14,691] SGD - Epoch 15: Train Loss = 0.0675, Test Loss = 0.0754, Accuracy = 97.68%
[2024-11-30 23:15:17,789] SGD - Epoch 16: Train Loss = 0.0612, Test Loss = 0.0729, Accuracy = 97.67%
[2024-11-30 23:15:20,885] SGD - Epoch 17: Train Loss = 0.0587, Test Loss = 0.0679, Accuracy = 97.78%
[2024-11-30 23:15:23,988] SGD - Epoch 18: Train Loss = 0.0546, Test Loss = 0.0685, Accuracy = 97.84%
[2024-11-30 23:15:27,146] SGD - Epoch 19: Train Loss = 0.0515, Test Loss = 0.0676, Accuracy = 97.88%
[2024-11-30 23:15:30,361] SGD - Epoch 20: Train Loss = 0.0487, Test Loss = 0.0666, Accuracy = 97.96%
[2024-11-30 23:15:33,487] SGD - Epoch 21: Train Loss = 0.0457, Test Loss = 0.0647, Accuracy = 97.85%
[2024-11-30 23:15:36,704] SGD - Epoch 22: Train Loss = 0.0417, Test Loss = 0.0642, Accuracy = 97.87%
[2024-11-30 23:15:39,885] SGD - Epoch 23: Train Loss = 0.0415, Test Loss = 0.0638, Accuracy = 97.94%
[2024-11-30 23:15:43,038] SGD - Epoch 24: Train Loss = 0.0381, Test Loss = 0.0617, Accuracy = 98.10%
[2024-11-30 23:15:46,245] SGD - Epoch 25: Train Loss = 0.0357, Test Loss = 0.0604, Accuracy = 98.15%
[2024-11-30 23:15:49,459] SGD - Epoch 26: Train Loss = 0.0338, Test Loss = 0.0616, Accuracy = 98.13%
[2024-11-30 23:15:52,624] SGD - Epoch 27: Train Loss = 0.0335, Test Loss = 0.0577, Accuracy = 98.24%
[2024-11-30 23:15:55,803] SGD - Epoch 28: Train Loss = 0.0306, Test Loss = 0.0599, Accuracy = 98.14%
[2024-11-30 23:15:59,035] SGD - Epoch 29: Train Loss = 0.0300, Test Loss = 0.0591, Accuracy = 98.17%
[2024-11-30 23:16:02,230] SGD - Epoch 30: Train Loss = 0.0273, Test Loss = 0.0602, Accuracy = 98.14%
[2024-11-30 23:16:05,508] SGD - Epoch 31: Train Loss = 0.0265, Test Loss = 0.0608, Accuracy = 98.14%
[2024-11-30 23:16:08,779] SGD - Epoch 32: Train Loss = 0.0245, Test Loss = 0.0609, Accuracy = 98.17%
[2024-11-30 23:16:12,029] SGD - Epoch 33: Train Loss = 0.0234, Test Loss = 0.0604, Accuracy = 98.19%
[2024-11-30 23:16:15,238] SGD - Epoch 34: Train Loss = 0.0226, Test Loss = 0.0604, Accuracy = 98.19%
[2024-11-30 23:16:18,506] SGD - Epoch 35: Train Loss = 0.0217, Test Loss = 0.0622, Accuracy = 98.17%
[2024-11-30 23:16:21,788] SGD - Epoch 36: Train Loss = 0.0202, Test Loss = 0.0619, Accuracy = 98.15%
[2024-11-30 23:16:25,214] SGD - Epoch 37: Train Loss = 0.0198, Test Loss = 0.0616, Accuracy = 98.18%
[2024-11-30 23:16:28,659] SGD - Epoch 38: Train Loss = 0.0190, Test Loss = 0.0594, Accuracy = 98.33%
[2024-11-30 23:16:32,026] SGD - Epoch 39: Train Loss = 0.0179, Test Loss = 0.0619, Accuracy = 98.25%
[2024-11-30 23:16:35,576] SGD - Epoch 40: Train Loss = 0.0176, Test Loss = 0.0608, Accuracy = 98.25%
[2024-11-30 23:16:39,013] SGD - Epoch 41: Train Loss = 0.0175, Test Loss = 0.0607, Accuracy = 98.30%
[2024-11-30 23:16:42,536] SGD - Epoch 42: Train Loss = 0.0169, Test Loss = 0.0616, Accuracy = 98.20%
[2024-11-30 23:16:45,894] SGD - Epoch 43: Train Loss = 0.0146, Test Loss = 0.0601, Accuracy = 98.19%
[2024-11-30 23:16:49,203] SGD - Epoch 44: Train Loss = 0.0150, Test Loss = 0.0631, Accuracy = 98.23%
[2024-11-30 23:16:52,654] SGD - Epoch 45: Train Loss = 0.0142, Test Loss = 0.0619, Accuracy = 98.24%
[2024-11-30 23:16:56,037] SGD - Epoch 46: Train Loss = 0.0140, Test Loss = 0.0616, Accuracy = 98.30%
[2024-11-30 23:16:59,462] SGD - Epoch 47: Train Loss = 0.0142, Test Loss = 0.0620, Accuracy = 98.28%
[2024-11-30 23:17:02,809] SGD - Epoch 48: Train Loss = 0.0130, Test Loss = 0.0618, Accuracy = 98.31%
[2024-11-30 23:17:06,008] SGD - Epoch 49: Train Loss = 0.0126, Test Loss = 0.0612, Accuracy = 98.30%
[2024-11-30 23:17:09,235] SGD - Epoch 50: Train Loss = 0.0120, Test Loss = 0.0622, Accuracy = 98.25%
[2024-11-30 23:17:12,507] SGD - Epoch 51: Train Loss = 0.0117, Test Loss = 0.0623, Accuracy = 98.26%
[2024-11-30 23:17:15,892] SGD - Epoch 52: Train Loss = 0.0109, Test Loss = 0.0608, Accuracy = 98.37%
[2024-11-30 23:17:19,212] SGD - Epoch 53: Train Loss = 0.0109, Test Loss = 0.0607, Accuracy = 98.32%
[2024-11-30 23:17:22,545] SGD - Epoch 54: Train Loss = 0.0102, Test Loss = 0.0615, Accuracy = 98.31%
[2024-11-30 23:17:25,881] SGD - Epoch 55: Train Loss = 0.0103, Test Loss = 0.0639, Accuracy = 98.22%
[2024-11-30 23:17:29,365] SGD - Epoch 56: Train Loss = 0.0105, Test Loss = 0.0609, Accuracy = 98.36%
[2024-11-30 23:17:33,057] SGD - Epoch 57: Train Loss = 0.0101, Test Loss = 0.0629, Accuracy = 98.37%
[2024-11-30 23:17:36,803] SGD - Epoch 58: Train Loss = 0.0097, Test Loss = 0.0642, Accuracy = 98.32%
[2024-11-30 23:17:40,295] SGD - Epoch 59: Train Loss = 0.0092, Test Loss = 0.0643, Accuracy = 98.28%
[2024-11-30 23:17:43,635] SGD - Epoch 60: Train Loss = 0.0087, Test Loss = 0.0635, Accuracy = 98.29%
[2024-11-30 23:17:47,093] SGD - Epoch 61: Train Loss = 0.0086, Test Loss = 0.0657, Accuracy = 98.21%
[2024-11-30 23:17:56,120] SGD - Epoch 1: Train Loss = 1.0723, Test Loss = 0.3537, Accuracy = 89.80%
[2024-11-30 23:17:59,451] SGD - Epoch 2: Train Loss = 0.3535, Test Loss = 0.2557, Accuracy = 92.47%
[2024-11-30 23:18:02,897] SGD - Epoch 3: Train Loss = 0.2712, Test Loss = 0.2051, Accuracy = 93.86%
[2024-11-30 23:18:06,417] SGD - Epoch 4: Train Loss = 0.2166, Test Loss = 0.1674, Accuracy = 94.94%
[2024-11-30 23:18:09,955] SGD - Epoch 5: Train Loss = 0.1816, Test Loss = 0.1463, Accuracy = 95.40%
[2024-11-30 23:18:13,563] SGD - Epoch 6: Train Loss = 0.1567, Test Loss = 0.1254, Accuracy = 96.13%
[2024-11-30 23:18:17,514] SGD - Epoch 7: Train Loss = 0.1376, Test Loss = 0.1136, Accuracy = 96.54%
[2024-11-30 23:18:21,370] SGD - Epoch 8: Train Loss = 0.1224, Test Loss = 0.1050, Accuracy = 96.72%
[2024-11-30 23:18:24,810] SGD - Epoch 9: Train Loss = 0.1097, Test Loss = 0.0963, Accuracy = 97.04%
[2024-11-30 23:18:28,559] SGD - Epoch 10: Train Loss = 0.1015, Test Loss = 0.0907, Accuracy = 97.20%
[2024-11-30 23:18:32,100] SGD - Epoch 11: Train Loss = 0.0916, Test Loss = 0.0845, Accuracy = 97.33%
[2024-11-30 23:18:35,747] SGD - Epoch 12: Train Loss = 0.0843, Test Loss = 0.0797, Accuracy = 97.48%
[2024-11-30 23:18:39,246] SGD - Epoch 13: Train Loss = 0.0768, Test Loss = 0.0772, Accuracy = 97.59%
[2024-11-30 23:18:42,608] SGD - Epoch 14: Train Loss = 0.0726, Test Loss = 0.0740, Accuracy = 97.63%
[2024-11-30 23:18:46,081] SGD - Epoch 15: Train Loss = 0.0671, Test Loss = 0.0705, Accuracy = 97.90%
[2024-11-30 23:18:50,097] SGD - Epoch 16: Train Loss = 0.0635, Test Loss = 0.0678, Accuracy = 97.85%
[2024-11-30 23:18:53,565] SGD - Epoch 17: Train Loss = 0.0584, Test Loss = 0.0671, Accuracy = 97.87%
[2024-11-30 23:18:56,968] SGD - Epoch 18: Train Loss = 0.0542, Test Loss = 0.0673, Accuracy = 97.98%
[2024-11-30 23:19:00,382] SGD - Epoch 19: Train Loss = 0.0523, Test Loss = 0.0644, Accuracy = 98.01%
[2024-11-30 23:19:03,803] SGD - Epoch 20: Train Loss = 0.0486, Test Loss = 0.0640, Accuracy = 98.03%
[2024-11-30 23:19:07,227] SGD - Epoch 21: Train Loss = 0.0451, Test Loss = 0.0618, Accuracy = 97.95%
[2024-11-30 23:19:10,866] SGD - Epoch 22: Train Loss = 0.0431, Test Loss = 0.0614, Accuracy = 98.09%
[2024-11-30 23:19:14,374] SGD - Epoch 23: Train Loss = 0.0404, Test Loss = 0.0602, Accuracy = 98.02%
[2024-11-30 23:19:17,806] SGD - Epoch 24: Train Loss = 0.0378, Test Loss = 0.0608, Accuracy = 98.07%
[2024-11-30 23:19:21,219] SGD - Epoch 25: Train Loss = 0.0356, Test Loss = 0.0598, Accuracy = 98.14%
[2024-11-30 23:19:24,635] SGD - Epoch 26: Train Loss = 0.0343, Test Loss = 0.0611, Accuracy = 98.08%
[2024-11-30 23:19:28,049] SGD - Epoch 27: Train Loss = 0.0324, Test Loss = 0.0588, Accuracy = 98.16%
[2024-11-30 23:19:31,699] SGD - Epoch 28: Train Loss = 0.0306, Test Loss = 0.0582, Accuracy = 98.27%
[2024-11-30 23:19:35,512] SGD - Epoch 29: Train Loss = 0.0291, Test Loss = 0.0593, Accuracy = 98.12%
[2024-11-30 23:19:38,922] SGD - Epoch 30: Train Loss = 0.0267, Test Loss = 0.0597, Accuracy = 98.11%
[2024-11-30 23:19:42,332] SGD - Epoch 31: Train Loss = 0.0272, Test Loss = 0.0604, Accuracy = 98.11%
[2024-11-30 23:19:45,941] SGD - Epoch 32: Train Loss = 0.0246, Test Loss = 0.0583, Accuracy = 98.17%
[2024-11-30 23:19:49,601] SGD - Epoch 33: Train Loss = 0.0243, Test Loss = 0.0596, Accuracy = 98.11%
[2024-11-30 23:19:53,354] SGD - Epoch 34: Train Loss = 0.0229, Test Loss = 0.0581, Accuracy = 98.24%
[2024-11-30 23:19:57,924] SGD - Epoch 35: Train Loss = 0.0222, Test Loss = 0.0585, Accuracy = 98.17%
[2024-11-30 23:20:01,331] SGD - Epoch 36: Train Loss = 0.0201, Test Loss = 0.0581, Accuracy = 98.17%
[2024-11-30 23:20:04,734] SGD - Epoch 37: Train Loss = 0.0194, Test Loss = 0.0594, Accuracy = 98.16%
[2024-11-30 23:20:08,179] SGD - Epoch 38: Train Loss = 0.0190, Test Loss = 0.0576, Accuracy = 98.23%
[2024-11-30 23:20:11,524] SGD - Epoch 39: Train Loss = 0.0188, Test Loss = 0.0585, Accuracy = 98.17%
[2024-11-30 23:20:14,878] SGD - Epoch 40: Train Loss = 0.0174, Test Loss = 0.0607, Accuracy = 98.27%
[2024-11-30 23:20:18,249] SGD - Epoch 41: Train Loss = 0.0162, Test Loss = 0.0587, Accuracy = 98.15%
[2024-11-30 23:20:21,660] SGD - Epoch 42: Train Loss = 0.0167, Test Loss = 0.0585, Accuracy = 98.25%
[2024-11-30 23:20:25,132] SGD - Epoch 43: Train Loss = 0.0157, Test Loss = 0.0590, Accuracy = 98.25%
[2024-11-30 23:20:28,612] SGD - Epoch 44: Train Loss = 0.0146, Test Loss = 0.0587, Accuracy = 98.22%
[2024-11-30 23:20:32,003] SGD - Epoch 45: Train Loss = 0.0155, Test Loss = 0.0583, Accuracy = 98.20%
[2024-11-30 23:20:35,395] SGD - Epoch 46: Train Loss = 0.0131, Test Loss = 0.0602, Accuracy = 98.15%
[2024-11-30 23:20:38,788] SGD - Epoch 47: Train Loss = 0.0135, Test Loss = 0.0578, Accuracy = 98.24%
[2024-11-30 23:20:42,302] SGD - Epoch 48: Train Loss = 0.0132, Test Loss = 0.0583, Accuracy = 98.25%
[2024-11-30 23:20:45,809] SGD - Epoch 49: Train Loss = 0.0119, Test Loss = 0.0597, Accuracy = 98.35%
[2024-11-30 23:20:49,252] SGD - Epoch 50: Train Loss = 0.0127, Test Loss = 0.0592, Accuracy = 98.25%
[2024-11-30 23:20:52,249] SGD_Momentum - Epoch 1: Train Loss = 0.7047, Test Loss = 0.2702, Accuracy = 91.84%
[2024-11-30 23:20:55,390] SGD_Momentum - Epoch 2: Train Loss = 0.2735, Test Loss = 0.1831, Accuracy = 94.32%
[2024-11-30 23:20:58,677] SGD_Momentum - Epoch 3: Train Loss = 0.2061, Test Loss = 0.1475, Accuracy = 95.35%
[2024-11-30 23:21:01,783] SGD_Momentum - Epoch 4: Train Loss = 0.1699, Test Loss = 0.1215, Accuracy = 96.20%
[2024-11-30 23:21:04,933] SGD_Momentum - Epoch 5: Train Loss = 0.1419, Test Loss = 0.1065, Accuracy = 96.68%
[2024-11-30 23:21:07,956] SGD_Momentum - Epoch 6: Train Loss = 0.1271, Test Loss = 0.0957, Accuracy = 96.86%
[2024-11-30 23:21:11,050] SGD_Momentum - Epoch 7: Train Loss = 0.1107, Test Loss = 0.0867, Accuracy = 97.22%
[2024-11-30 23:21:14,089] SGD_Momentum - Epoch 8: Train Loss = 0.1009, Test Loss = 0.0827, Accuracy = 97.42%
[2024-11-30 23:21:17,121] SGD_Momentum - Epoch 9: Train Loss = 0.0913, Test Loss = 0.0763, Accuracy = 97.63%
[2024-11-30 23:21:20,175] SGD_Momentum - Epoch 10: Train Loss = 0.0844, Test Loss = 0.0731, Accuracy = 97.65%
[2024-11-30 23:21:23,215] SGD_Momentum - Epoch 11: Train Loss = 0.0785, Test Loss = 0.0707, Accuracy = 97.71%
[2024-11-30 23:21:26,280] SGD_Momentum - Epoch 12: Train Loss = 0.0721, Test Loss = 0.0681, Accuracy = 97.85%
[2024-11-30 23:21:29,351] SGD_Momentum - Epoch 13: Train Loss = 0.0682, Test Loss = 0.0646, Accuracy = 97.90%
[2024-11-30 23:21:32,502] SGD_Momentum - Epoch 14: Train Loss = 0.0628, Test Loss = 0.0637, Accuracy = 97.88%
[2024-11-30 23:21:35,588] SGD_Momentum - Epoch 15: Train Loss = 0.0581, Test Loss = 0.0638, Accuracy = 97.92%
[2024-11-30 23:21:38,776] SGD_Momentum - Epoch 16: Train Loss = 0.0542, Test Loss = 0.0614, Accuracy = 97.99%
[2024-11-30 23:21:42,596] SGD_Momentum - Epoch 17: Train Loss = 0.0520, Test Loss = 0.0600, Accuracy = 98.00%
[2024-11-30 23:21:45,770] SGD_Momentum - Epoch 18: Train Loss = 0.0482, Test Loss = 0.0595, Accuracy = 98.04%
[2024-11-30 23:21:48,916] SGD_Momentum - Epoch 19: Train Loss = 0.0458, Test Loss = 0.0587, Accuracy = 98.04%
[2024-11-30 23:21:52,090] SGD_Momentum - Epoch 20: Train Loss = 0.0428, Test Loss = 0.0575, Accuracy = 98.12%
[2024-11-30 23:21:55,246] SGD_Momentum - Epoch 21: Train Loss = 0.0407, Test Loss = 0.0581, Accuracy = 98.10%
[2024-11-30 23:21:58,390] SGD_Momentum - Epoch 22: Train Loss = 0.0384, Test Loss = 0.0580, Accuracy = 98.01%
[2024-11-30 23:22:01,597] SGD_Momentum - Epoch 23: Train Loss = 0.0376, Test Loss = 0.0561, Accuracy = 98.12%
[2024-11-30 23:22:04,800] SGD_Momentum - Epoch 24: Train Loss = 0.0352, Test Loss = 0.0538, Accuracy = 98.22%
[2024-11-30 23:22:07,989] SGD_Momentum - Epoch 25: Train Loss = 0.0333, Test Loss = 0.0555, Accuracy = 98.22%
[2024-11-30 23:22:11,182] SGD_Momentum - Epoch 26: Train Loss = 0.0319, Test Loss = 0.0552, Accuracy = 98.19%
[2024-11-30 23:22:14,432] SGD_Momentum - Epoch 27: Train Loss = 0.0312, Test Loss = 0.0562, Accuracy = 98.15%
[2024-11-30 23:22:17,682] SGD_Momentum - Epoch 28: Train Loss = 0.0298, Test Loss = 0.0554, Accuracy = 98.17%
[2024-11-30 23:22:20,996] SGD_Momentum - Epoch 29: Train Loss = 0.0286, Test Loss = 0.0537, Accuracy = 98.21%
[2024-11-30 23:22:24,232] SGD_Momentum - Epoch 30: Train Loss = 0.0279, Test Loss = 0.0535, Accuracy = 98.27%
[2024-11-30 23:22:27,514] SGD_Momentum - Epoch 31: Train Loss = 0.0257, Test Loss = 0.0564, Accuracy = 98.17%
[2024-11-30 23:22:30,754] SGD_Momentum - Epoch 32: Train Loss = 0.0253, Test Loss = 0.0555, Accuracy = 98.21%
[2024-11-30 23:22:34,006] SGD_Momentum - Epoch 33: Train Loss = 0.0243, Test Loss = 0.0574, Accuracy = 98.16%
[2024-11-30 23:22:37,263] SGD_Momentum - Epoch 34: Train Loss = 0.0235, Test Loss = 0.0557, Accuracy = 98.24%
[2024-11-30 23:22:40,537] SGD_Momentum - Epoch 35: Train Loss = 0.0228, Test Loss = 0.0544, Accuracy = 98.17%
[2024-11-30 23:22:43,863] SGD_Momentum - Epoch 36: Train Loss = 0.0222, Test Loss = 0.0559, Accuracy = 98.27%
[2024-11-30 23:22:47,141] SGD_Momentum - Epoch 37: Train Loss = 0.0210, Test Loss = 0.0550, Accuracy = 98.27%
[2024-11-30 23:22:50,408] SGD_Momentum - Epoch 38: Train Loss = 0.0199, Test Loss = 0.0533, Accuracy = 98.30%
[2024-11-30 23:22:53,691] SGD_Momentum - Epoch 39: Train Loss = 0.0199, Test Loss = 0.0556, Accuracy = 98.34%
[2024-11-30 23:22:56,982] SGD_Momentum - Epoch 40: Train Loss = 0.0180, Test Loss = 0.0552, Accuracy = 98.33%
[2024-11-30 23:23:00,321] SGD_Momentum - Epoch 41: Train Loss = 0.0182, Test Loss = 0.0557, Accuracy = 98.30%
[2024-11-30 23:23:03,614] SGD_Momentum - Epoch 42: Train Loss = 0.0184, Test Loss = 0.0534, Accuracy = 98.28%
[2024-11-30 23:23:06,897] SGD_Momentum - Epoch 43: Train Loss = 0.0158, Test Loss = 0.0550, Accuracy = 98.33%
[2024-11-30 23:23:10,180] SGD_Momentum - Epoch 44: Train Loss = 0.0172, Test Loss = 0.0552, Accuracy = 98.29%
[2024-11-30 23:23:13,441] SGD_Momentum - Epoch 45: Train Loss = 0.0166, Test Loss = 0.0555, Accuracy = 98.31%
[2024-11-30 23:23:16,712] SGD_Momentum - Epoch 46: Train Loss = 0.0161, Test Loss = 0.0574, Accuracy = 98.26%
[2024-11-30 23:23:19,967] SGD_Momentum - Epoch 47: Train Loss = 0.0145, Test Loss = 0.0546, Accuracy = 98.30%
[2024-11-30 23:23:23,325] SGD_Momentum - Epoch 48: Train Loss = 0.0153, Test Loss = 0.0560, Accuracy = 98.24%
[2024-11-30 23:23:26,580] SGD_Momentum - Epoch 49: Train Loss = 0.0145, Test Loss = 0.0533, Accuracy = 98.40%
[2024-11-30 23:23:29,818] SGD_Momentum - Epoch 50: Train Loss = 0.0144, Test Loss = 0.0562, Accuracy = 98.28%
[2024-11-30 23:23:33,859] Adam - Epoch 1: Train Loss = 0.7917, Test Loss = 0.2925, Accuracy = 91.36%
[2024-11-30 23:23:38,016] Adam - Epoch 2: Train Loss = 0.3263, Test Loss = 0.2123, Accuracy = 93.54%
[2024-11-30 23:23:41,824] Adam - Epoch 3: Train Loss = 0.2472, Test Loss = 0.1690, Accuracy = 94.67%
[2024-11-30 23:23:45,715] Adam - Epoch 4: Train Loss = 0.2040, Test Loss = 0.1408, Accuracy = 95.60%
[2024-11-30 23:23:49,745] Adam - Epoch 5: Train Loss = 0.1713, Test Loss = 0.1216, Accuracy = 96.31%
[2024-11-30 23:23:53,777] Adam - Epoch 6: Train Loss = 0.1495, Test Loss = 0.1099, Accuracy = 96.44%
[2024-11-30 23:23:57,734] Adam - Epoch 7: Train Loss = 0.1287, Test Loss = 0.0999, Accuracy = 96.88%
[2024-11-30 23:24:01,674] Adam - Epoch 8: Train Loss = 0.1175, Test Loss = 0.0923, Accuracy = 97.06%
[2024-11-30 23:24:05,544] Adam - Epoch 9: Train Loss = 0.1046, Test Loss = 0.0851, Accuracy = 97.25%
[2024-11-30 23:24:09,448] Adam - Epoch 10: Train Loss = 0.0955, Test Loss = 0.0827, Accuracy = 97.46%
[2024-11-30 23:24:13,280] Adam - Epoch 11: Train Loss = 0.0861, Test Loss = 0.0800, Accuracy = 97.56%
[2024-11-30 23:24:17,135] Adam - Epoch 12: Train Loss = 0.0789, Test Loss = 0.0781, Accuracy = 97.54%
[2024-11-30 23:24:21,001] Adam - Epoch 13: Train Loss = 0.0739, Test Loss = 0.0719, Accuracy = 97.70%
[2024-11-30 23:24:24,877] Adam - Epoch 14: Train Loss = 0.0661, Test Loss = 0.0710, Accuracy = 97.88%
[2024-11-30 23:24:28,653] Adam - Epoch 15: Train Loss = 0.0635, Test Loss = 0.0703, Accuracy = 97.80%
[2024-11-30 23:24:32,547] Adam - Epoch 16: Train Loss = 0.0575, Test Loss = 0.0670, Accuracy = 97.84%
[2024-11-30 23:24:36,373] Adam - Epoch 17: Train Loss = 0.0543, Test Loss = 0.0686, Accuracy = 97.89%
[2024-11-30 23:24:40,208] Adam - Epoch 18: Train Loss = 0.0484, Test Loss = 0.0654, Accuracy = 98.04%
[2024-11-30 23:24:44,086] Adam - Epoch 19: Train Loss = 0.0477, Test Loss = 0.0668, Accuracy = 98.00%
[2024-11-30 23:24:47,912] Adam - Epoch 20: Train Loss = 0.0431, Test Loss = 0.0686, Accuracy = 97.95%
[2024-11-30 23:24:51,683] Adam - Epoch 21: Train Loss = 0.0415, Test Loss = 0.0643, Accuracy = 97.97%
[2024-11-30 23:24:55,569] Adam - Epoch 22: Train Loss = 0.0389, Test Loss = 0.0640, Accuracy = 98.07%
[2024-11-30 23:24:59,551] Adam - Epoch 23: Train Loss = 0.0364, Test Loss = 0.0622, Accuracy = 98.19%
[2024-11-30 23:25:03,296] Adam - Epoch 24: Train Loss = 0.0334, Test Loss = 0.0615, Accuracy = 98.26%
[2024-11-30 23:25:07,173] Adam - Epoch 25: Train Loss = 0.0336, Test Loss = 0.0604, Accuracy = 98.24%
[2024-11-30 23:25:10,915] Adam - Epoch 26: Train Loss = 0.0327, Test Loss = 0.0617, Accuracy = 98.17%
[2024-11-30 23:25:14,795] Adam - Epoch 27: Train Loss = 0.0291, Test Loss = 0.0631, Accuracy = 98.20%
[2024-11-30 23:25:18,643] Adam - Epoch 28: Train Loss = 0.0268, Test Loss = 0.0633, Accuracy = 98.20%
[2024-11-30 23:25:22,500] Adam - Epoch 29: Train Loss = 0.0276, Test Loss = 0.0648, Accuracy = 98.12%
[2024-11-30 23:25:26,338] Adam - Epoch 30: Train Loss = 0.0262, Test Loss = 0.0606, Accuracy = 98.27%
[2024-11-30 23:25:30,089] Adam - Epoch 31: Train Loss = 0.0230, Test Loss = 0.0673, Accuracy = 98.19%
[2024-11-30 23:25:33,846] Adam - Epoch 32: Train Loss = 0.0240, Test Loss = 0.0652, Accuracy = 98.24%
[2024-11-30 23:25:37,595] Adam - Epoch 33: Train Loss = 0.0221, Test Loss = 0.0669, Accuracy = 98.15%
[2024-11-30 23:25:41,334] Adam - Epoch 34: Train Loss = 0.0215, Test Loss = 0.0659, Accuracy = 98.31%
[2024-11-30 23:25:45,195] Adam - Epoch 35: Train Loss = 0.0189, Test Loss = 0.0646, Accuracy = 98.34%
[2024-11-30 23:25:49,000] Adam - Epoch 36: Train Loss = 0.0194, Test Loss = 0.0623, Accuracy = 98.25%
[2024-11-30 23:25:52,855] Adam - Epoch 37: Train Loss = 0.0190, Test Loss = 0.0629, Accuracy = 98.30%
[2024-11-30 23:25:56,575] Adam - Epoch 38: Train Loss = 0.0180, Test Loss = 0.0642, Accuracy = 98.31%
[2024-11-30 23:26:00,436] Adam - Epoch 39: Train Loss = 0.0166, Test Loss = 0.0649, Accuracy = 98.27%
[2024-11-30 23:26:04,185] Adam - Epoch 40: Train Loss = 0.0169, Test Loss = 0.0648, Accuracy = 98.30%
[2024-11-30 23:26:07,929] Adam - Epoch 41: Train Loss = 0.0164, Test Loss = 0.0634, Accuracy = 98.44%
[2024-11-30 23:26:11,712] Adam - Epoch 42: Train Loss = 0.0160, Test Loss = 0.0661, Accuracy = 98.27%
[2024-11-30 23:26:15,413] Adam - Epoch 43: Train Loss = 0.0153, Test Loss = 0.0657, Accuracy = 98.40%
[2024-11-30 23:26:19,151] Adam - Epoch 44: Train Loss = 0.0146, Test Loss = 0.0698, Accuracy = 98.39%
[2024-11-30 23:26:22,844] Adam - Epoch 45: Train Loss = 0.0143, Test Loss = 0.0664, Accuracy = 98.32%
[2024-11-30 23:26:26,566] Adam - Epoch 46: Train Loss = 0.0136, Test Loss = 0.0690, Accuracy = 98.36%
[2024-11-30 23:26:30,281] Adam - Epoch 47: Train Loss = 0.0144, Test Loss = 0.0675, Accuracy = 98.39%
[2024-11-30 23:26:34,012] Adam - Epoch 48: Train Loss = 0.0128, Test Loss = 0.0652, Accuracy = 98.36%
[2024-11-30 23:26:37,830] Adam - Epoch 49: Train Loss = 0.0120, Test Loss = 0.0693, Accuracy = 98.32%
[2024-11-30 23:26:41,706] Adam - Epoch 50: Train Loss = 0.0116, Test Loss = 0.0733, Accuracy = 98.32%

[2024-11-30 23:26:41,715]
SGD Results:
[2024-11-30 23:26:41,715] Final Test Accuracy: 98.25%
[2024-11-30 23:26:41,715] 
SGD_Momentum Results:
[2024-11-30 23:26:41,715] Final Test Accuracy: 98.28%
[2024-11-30 23:26:41,715] 
Adam Results:
[2024-11-30 23:26:41,715] Final Test Accuracy: 98.32%
